-------------------------------------------------------------------------------
Test set: com.tesobe.obp.transaction.TransactionAnnotationServiceTest
-------------------------------------------------------------------------------
Tests run: 2, Failures: 0, Errors: 2, Skipped: 0, Time elapsed: 3.925 sec <<< FAILURE! - in com.tesobe.obp.transaction.TransactionAnnotationServiceTest
addTagOk(com.tesobe.obp.transaction.TransactionAnnotationServiceTest)  Time elapsed: 1.896 sec  <<< ERROR!
java.lang.IndexOutOfBoundsException: Index: 0, Size: 0
	at java.util.ArrayList.rangeCheck(ArrayList.java:653)
	at java.util.ArrayList.get(ArrayList.java:429)
	at com.tesobe.obp.transaction.TransactionAnnotationServiceTest.addTagOk(TransactionAnnotationServiceTest.java:43)

deleteTagOk(com.tesobe.obp.transaction.TransactionAnnotationServiceTest)  Time elapsed: 2.028 sec  <<< ERROR!
java.lang.IndexOutOfBoundsException: Index: 0, Size: 0
	at java.util.ArrayList.rangeCheck(ArrayList.java:653)
	at java.util.ArrayList.get(ArrayList.java:429)
	at com.tesobe.obp.transaction.TransactionAnnotationServiceTest.deleteTagOk(TransactionAnnotationServiceTest.java:61)

