<?xml version="1.0" encoding="UTF-8"?>
<testsuite name="com.tesobe.obp.transaction.MonetaryTransactionsServiceTest" time="0.714" tests="1" errors="0" skipped="0" failures="1">
  <properties>
[...]
</properties>
  <testcase name="fetchTransactionListOk" classname="com.tesobe.obp.transaction.MonetaryTransactionsServiceTest" time="0.714">
    <failure type="java.lang.AssertionError:">java.lang.AssertionError: null
	at org.junit.Assert.fail(Assert.java:86)
	at org.junit.Assert.assertTrue(Assert.java:41)
	at org.junit.Assert.assertTrue(Assert.java:52)
	at com.tesobe.obp.transaction.MonetaryTransactionsServiceTest.fetchTransactionListOk(MonetaryTransactionsServiceTest.java:33)
</failure>
    <system-out><![CDATA[2017-07-14 01:52:42.379  INFO 18292 --- [           main] .b.t.c.SpringBootTestContextBootstrapper : Neither @ContextConfiguration nor @ContextHierarchy found for test class [com.tesobe.obp.transaction.MonetaryTransactionsServiceTest], using SpringBootContextLoader
2017-07-14 01:52:42.379  INFO 18292 --- [           main] o.s.t.c.support.AbstractContextLoader    : Could not detect default resource locations for test class [com.tesobe.obp.transaction.MonetaryTransactionsServiceTest]: no resource found for suffixes {-context.xml, Context.groovy}.
2017-07-14 01:52:42.379  INFO 18292 --- [           main] t.c.s.AnnotationConfigContextLoaderUtils : Could not detect default configuration classes for test class [com.tesobe.obp.transaction.MonetaryTransactionsServiceTest]: MonetaryTransactionsServiceTest does not declare any static, non-private, non-final, nested classes annotated with @Configuration.
2017-07-14 01:52:42.395  INFO 18292 --- [           main] .b.t.c.SpringBootTestContextBootstrapper : Found @SpringBootConfiguration com.tesobe.obp.Application for test class com.tesobe.obp.transaction.MonetaryTransactionsServiceTest
2017-07-14 01:52:42.395  INFO 18292 --- [           main] .b.t.c.SpringBootTestContextBootstrapper : Loaded default TestExecutionListener class names from location [META-INF/spring.factories]: [org.springframework.boot.test.autoconfigure.AutoConfigureReportTestExecutionListener, org.springframework.boot.test.autoconfigure.restdocs.RestDocsTestExecutionListener, org.springframework.boot.test.autoconfigure.web.client.MockRestServiceServerResetTestExecutionListener, org.springframework.boot.test.mock.mockito.MockitoTestExecutionListener, org.springframework.boot.test.mock.mockito.ResetMocksTestExecutionListener, org.springframework.test.context.web.ServletTestExecutionListener, org.springframework.test.context.support.DirtiesContextBeforeModesTestExecutionListener, org.springframework.test.context.support.DependencyInjectionTestExecutionListener, org.springframework.test.context.support.DirtiesContextTestExecutionListener, org.springframework.test.context.transaction.TransactionalTestExecutionListener, org.springframework.test.context.jdbc.SqlScriptsTestExecutionListener]
2017-07-14 01:52:42.395  INFO 18292 --- [           main] .b.t.c.SpringBootTestContextBootstrapper : Could not instantiate TestExecutionListener [org.springframework.test.context.jdbc.SqlScriptsTestExecutionListener]. Specify custom listener classes or make the default listener classes (and their required dependencies) available. Offending class: [org/springframework/transaction/interceptor/TransactionAttribute]
2017-07-14 01:52:42.395  INFO 18292 --- [           main] .b.t.c.SpringBootTestContextBootstrapper : Could not instantiate TestExecutionListener [org.springframework.test.context.transaction.TransactionalTestExecutionListener]. Specify custom listener classes or make the default listener classes (and their required dependencies) available. Offending class: [org/springframework/transaction/interceptor/TransactionAttributeSource]
2017-07-14 01:52:42.395  INFO 18292 --- [           main] .b.t.c.SpringBootTestContextBootstrapper : Using TestExecutionListeners: [org.springframework.test.context.web.ServletTestExecutionListener@1976f537, org.springframework.test.context.support.DirtiesContextBeforeModesTestExecutionListener@45f421c, org.springframework.boot.test.autoconfigure.AutoConfigureReportTestExecutionListener@1816e24a, org.springframework.test.context.support.DependencyInjectionTestExecutionListener@6940f685, org.springframework.test.context.support.DirtiesContextTestExecutionListener@47b179d7, org.springframework.boot.test.autoconfigure.restdocs.RestDocsTestExecutionListener@39008c9f, org.springframework.boot.test.mock.mockito.ResetMocksTestExecutionListener@162b3d47, org.springframework.boot.test.autoconfigure.web.client.MockRestServiceServerResetTestExecutionListener@783115d9, org.springframework.boot.test.mock.mockito.MockitoTestExecutionListener@3402b4c9]
inside intialisation *******************************************************
username ********************* ugbecmu
password ********************* Azuka@1969
Getting token Token ********************* 
Got token Token ********************* eyJhbGciOiJIUzI1NiIsInR5cCI6IkpXVCJ9.eyIiOiIifQ.BRyErDpwhhxwCs7l-mrkekkKkQ5VNiY3_cThmEa479Q
authToken ********************* eyJhbGciOiJIUzI1NiIsInR5cCI6IkpXVCJ9.eyIiOiIifQ.BRyErDpwhhxwCs7l-mrkekkKkQ5VNiY3_cThmEa479Q
  we are here *********
 ************ prepareAuthRequest *********** 
 Account Service : privateAccountUrl * https://apisandbox.openbankproject.com/obp/v2.2.0/my/accounts
 Account Service : apiUrll * https://apisandbox.openbankproject.com/obp/v2.2.0
MonetaryTransactionsService : allTransactionsUrl https://apisandbox.openbankproject.com/obp/v2.2.0/banks/rbs/accounts/Joy/owner/transactions
  **** MonetaryTransactionsSerevice :no transactions ****
]]></system-out>
  </testcase>
</testsuite>