<?xml version="1.0" encoding="UTF-8"?>
<testsuite name="com.tesobe.obp.transaction.TransactionAnnotationServiceTest" time="3.924" tests="2" errors="2" skipped="0" failures="0">
  <properties>
[...]
</properties>
  <testcase name="addTagOk" classname="com.tesobe.obp.transaction.TransactionAnnotationServiceTest" time="1.896">
    <error message="Index: 0, Size: 0" type="java.lang.IndexOutOfBoundsException">java.lang.IndexOutOfBoundsException: Index: 0, Size: 0
	at java.util.ArrayList.rangeCheck(ArrayList.java:653)
	at java.util.ArrayList.get(ArrayList.java:429)
	at com.tesobe.obp.transaction.TransactionAnnotationServiceTest.addTagOk(TransactionAnnotationServiceTest.java:43)
</error>
    <system-out><![CDATA[2017-07-14 01:52:43.109  INFO 18292 --- [           main] .b.t.c.SpringBootTestContextBootstrapper : Neither @ContextConfiguration nor @ContextHierarchy found for test class [com.tesobe.obp.transaction.TransactionAnnotationServiceTest], using SpringBootContextLoader
2017-07-14 01:52:43.109  INFO 18292 --- [           main] o.s.t.c.support.AbstractContextLoader    : Could not detect default resource locations for test class [com.tesobe.obp.transaction.TransactionAnnotationServiceTest]: no resource found for suffixes {-context.xml, Context.groovy}.
2017-07-14 01:52:43.109  INFO 18292 --- [           main] t.c.s.AnnotationConfigContextLoaderUtils : Could not detect default configuration classes for test class [com.tesobe.obp.transaction.TransactionAnnotationServiceTest]: TransactionAnnotationServiceTest does not declare any static, non-private, non-final, nested classes annotated with @Configuration.
2017-07-14 01:52:43.109  INFO 18292 --- [           main] .b.t.c.SpringBootTestContextBootstrapper : Found @SpringBootConfiguration com.tesobe.obp.Application for test class com.tesobe.obp.transaction.TransactionAnnotationServiceTest
2017-07-14 01:52:43.109  INFO 18292 --- [           main] .b.t.c.SpringBootTestContextBootstrapper : Loaded default TestExecutionListener class names from location [META-INF/spring.factories]: [org.springframework.boot.test.autoconfigure.AutoConfigureReportTestExecutionListener, org.springframework.boot.test.autoconfigure.restdocs.RestDocsTestExecutionListener, org.springframework.boot.test.autoconfigure.web.client.MockRestServiceServerResetTestExecutionListener, org.springframework.boot.test.mock.mockito.MockitoTestExecutionListener, org.springframework.boot.test.mock.mockito.ResetMocksTestExecutionListener, org.springframework.test.context.web.ServletTestExecutionListener, org.springframework.test.context.support.DirtiesContextBeforeModesTestExecutionListener, org.springframework.test.context.support.DependencyInjectionTestExecutionListener, org.springframework.test.context.support.DirtiesContextTestExecutionListener, org.springframework.test.context.transaction.TransactionalTestExecutionListener, org.springframework.test.context.jdbc.SqlScriptsTestExecutionListener]
2017-07-14 01:52:43.109  INFO 18292 --- [           main] .b.t.c.SpringBootTestContextBootstrapper : Could not instantiate TestExecutionListener [org.springframework.test.context.jdbc.SqlScriptsTestExecutionListener]. Specify custom listener classes or make the default listener classes (and their required dependencies) available. Offending class: [org/springframework/transaction/interceptor/TransactionAttribute]
2017-07-14 01:52:43.109  INFO 18292 --- [           main] .b.t.c.SpringBootTestContextBootstrapper : Could not instantiate TestExecutionListener [org.springframework.test.context.transaction.TransactionalTestExecutionListener]. Specify custom listener classes or make the default listener classes (and their required dependencies) available. Offending class: [org/springframework/transaction/interceptor/TransactionAttributeSource]
2017-07-14 01:52:43.109  INFO 18292 --- [           main] .b.t.c.SpringBootTestContextBootstrapper : Using TestExecutionListeners: [org.springframework.test.context.web.ServletTestExecutionListener@2416498e, org.springframework.test.context.support.DirtiesContextBeforeModesTestExecutionListener@6b2e0f78, org.springframework.boot.test.autoconfigure.AutoConfigureReportTestExecutionListener@240f6c41, org.springframework.test.context.support.DependencyInjectionTestExecutionListener@3659d7b1, org.springframework.test.context.support.DirtiesContextTestExecutionListener@2015b2cd, org.springframework.boot.test.autoconfigure.restdocs.RestDocsTestExecutionListener@3bdb2c78, org.springframework.boot.test.mock.mockito.ResetMocksTestExecutionListener@64693226, org.springframework.boot.test.autoconfigure.web.client.MockRestServiceServerResetTestExecutionListener@1c758545, org.springframework.boot.test.mock.mockito.MockitoTestExecutionListener@117bcfdc]
inside intialisation *******************************************************
username ********************* ugbecmu
password ********************* Azuka@1969
Getting token Token ********************* 
Got token Token ********************* eyJhbGciOiJIUzI1NiIsInR5cCI6IkpXVCJ9.eyIiOiIifQ.v_DOnfelJ-H-o-Lzw2JbyeXY7eWxAIbGuVT76q5wwzg
authToken ********************* eyJhbGciOiJIUzI1NiIsInR5cCI6IkpXVCJ9.eyIiOiIifQ.v_DOnfelJ-H-o-Lzw2JbyeXY7eWxAIbGuVT76q5wwzg
  we are here *********
 ************ prepareAuthRequest *********** 
 Account Service : privateAccountUrl * https://apisandbox.openbankproject.com/obp/v2.2.0/my/accounts
 Account Service : apiUrll * https://apisandbox.openbankproject.com/obp/v2.2.0
  Account Service : acctDetailsUrl * https://apisandbox.openbankproject.com/obp/v2.2.0/my/banks/rbs/accounts/Joy/account
  Account Service : acctDetailsUrl * https://apisandbox.openbankproject.com/obp/v2.2.0/my/banks/rbs/accounts/Michael/account
Transaction test ownAccount account Id Joy
Transaction test ownAccount account Label null
Transaction test ownAccount account BankId rbs
Transaction test  ownAccount  Balance EUR 1000.00
MonetaryTransactionsService : allTransactionsUrl https://apisandbox.openbankproject.com/obp/v2.2.0/banks/rbs/accounts/Joy/owner/transactions
transactions  []
]]></system-out>
  </testcase>
  <testcase name="deleteTagOk" classname="com.tesobe.obp.transaction.TransactionAnnotationServiceTest" time="2.028">
    <error message="Index: 0, Size: 0" type="java.lang.IndexOutOfBoundsException">java.lang.IndexOutOfBoundsException: Index: 0, Size: 0
	at java.util.ArrayList.rangeCheck(ArrayList.java:653)
	at java.util.ArrayList.get(ArrayList.java:429)
	at com.tesobe.obp.transaction.TransactionAnnotationServiceTest.deleteTagOk(TransactionAnnotationServiceTest.java:61)
</error>
    <system-out><![CDATA[inside intialisation *******************************************************
username ********************* ugbecmu
password ********************* Azuka@1969
Getting token Token ********************* 
Got token Token ********************* eyJhbGciOiJIUzI1NiIsInR5cCI6IkpXVCJ9.eyIiOiIifQ.Yh_bwqUvJ0S3rD47v0pnGBCFxjQ75qkPwJ0rKa9YhLs
authToken ********************* eyJhbGciOiJIUzI1NiIsInR5cCI6IkpXVCJ9.eyIiOiIifQ.Yh_bwqUvJ0S3rD47v0pnGBCFxjQ75qkPwJ0rKa9YhLs
  we are here *********
 ************ prepareAuthRequest *********** 
 Account Service : privateAccountUrl * https://apisandbox.openbankproject.com/obp/v2.2.0/my/accounts
 Account Service : apiUrll * https://apisandbox.openbankproject.com/obp/v2.2.0
  Account Service : acctDetailsUrl * https://apisandbox.openbankproject.com/obp/v2.2.0/my/banks/rbs/accounts/Joy/account
  Account Service : acctDetailsUrl * https://apisandbox.openbankproject.com/obp/v2.2.0/my/banks/rbs/accounts/Michael/account
MonetaryTransactionsService : allTransactionsUrl https://apisandbox.openbankproject.com/obp/v2.2.0/banks/rbs/accounts/Joy/owner/transactions
]]></system-out>
  </testcase>
</testsuite>